Traceback (most recent call last):
  File "D:\项目\chemistry-question-classifier-1\backend\venv\Lib\site-packages\kombu\utils\functional.py", line 32, in __call__
    return self.__value__
           ^^^^^^^^^^^^^^
AttributeError: 'ChannelPromise' object has no attribute '__value__'

During handling of the above exception, another exception occurred:

Traceback (most recent call last):
  File "D:\项目\chemistry-question-classifier-1\backend\venv\Lib\site-packages\kombu\connection.py", line 474, in _reraise_as_library_errors
    yield
  File "D:\项目\chemistry-question-classifier-1\backend\venv\Lib\site-packages\kombu\connection.py", line 461, in _ensure_connection
    return retry_over_time(
           ^^^^^^^^^^^^^^^^
  File "D:\项目\chemistry-question-classifier-1\backend\venv\Lib\site-packages\kombu\utils\functional.py", line 318, in retry_over_time
    return fun(*args, **kwargs)
           ^^^^^^^^^^^^^^^^^^^^
  File "D:\项目\chemistry-question-classifier-1\backend\venv\Lib\site-packages\kombu\connection.py", line 941, in _connection_factory
    self._connection = self._establish_connection()
                       ^^^^^^^^^^^^^^^^^^^^^^^^^^^^
  File "D:\项目\chemistry-question-classifier-1\backend\venv\Lib\site-packages\kombu\connection.py", line 863, in _establish_connection
    conn = self.transport.establish_connection()
           ^^^^^^^^^^^^^^^^^^^^^^^^^^^^^^^^^^^^^
  File "D:\项目\chemistry-question-classifier-1\backend\venv\Lib\site-packages\kombu\transport\pyamqp.py", line 203, in establish_connection
    conn.connect()
  File "D:\项目\chemistry-question-classifier-1\backend\venv\Lib\site-packages\amqp\connection.py", line 324, in connect
    self.transport.connect()
  File "D:\项目\chemistry-question-classifier-1\backend\venv\Lib\site-packages\amqp\transport.py", line 132, in connect
    self._connect(self.host, self.port, self.connect_timeout)
  File "D:\项目\chemistry-question-classifier-1\backend\venv\Lib\site-packages\amqp\transport.py", line 187, in _connect
    self.sock.connect(sa)
ConnectionRefusedError: [WinError 10061] 由于目标计算机积极拒绝，无法连接。

The above exception was the direct cause of the following exception:

Traceback (most recent call last):
  File "D:\项目\chemistry-question-classifier-1\backend\api\endpoints\analysis.py", line 43, in start_analysis
    task = analyze_question_task.delay(q, models, api_keys_map)
           ^^^^^^^^^^^^^^^^^^^^^^^^^^^^^^^^^^^^^^^^^^^^^^^^^^^^
  File "D:\项目\chemistry-question-classifier-1\backend\venv\Lib\site-packages\celery\app\task.py", line 444, in delay
    return self.apply_async(args, kwargs)
           ^^^^^^^^^^^^^^^^^^^^^^^^^^^^^^
  File "D:\项目\chemistry-question-classifier-1\backend\venv\Lib\site-packages\celery\app\task.py", line 594, in apply_async
    return app.send_task(
           ^^^^^^^^^^^^^^
  File "D:\项目\chemistry-question-classifier-1\backend\venv\Lib\site-packages\celery\app\base.py", line 799, in send_task
    amqp.send_task_message(P, name, message, **options)
  File "D:\项目\chemistry-question-classifier-1\backend\venv\Lib\site-packages\celery\app\amqp.py", line 518, in send_task_message
    ret = producer.publish(
          ^^^^^^^^^^^^^^^^^
  File "D:\项目\chemistry-question-classifier-1\backend\venv\Lib\site-packages\kombu\messaging.py", line 190, in publish
    return _publish(
           ^^^^^^^^^
  File "D:\项目\chemistry-question-classifier-1\backend\venv\Lib\site-packages\kombu\connection.py", line 558, in _ensured
    return fun(*args, **kwargs)
           ^^^^^^^^^^^^^^^^^^^^
  File "D:\项目\chemistry-question-classifier-1\backend\venv\Lib\site-packages\kombu\messaging.py", line 200, in _publish
    channel = self.channel
              ^^^^^^^^^^^^
  File "D:\项目\chemistry-question-classifier-1\backend\venv\Lib\site-packages\kombu\messaging.py", line 224, in _get_channel
    channel = self._channel = channel()
                              ^^^^^^^^^
  File "D:\项目\chemistry-question-classifier-1\backend\venv\Lib\site-packages\kombu\utils\functional.py", line 34, in __call__
    value = self.__value__ = self.__contract__()
                             ^^^^^^^^^^^^^^^^^^^
  File "D:\项目\chemistry-question-classifier-1\backend\venv\Lib\site-packages\kombu\messaging.py", line 240, in <lambda>
    channel = ChannelPromise(lambda: connection.default_channel)
                                     ^^^^^^^^^^^^^^^^^^^^^^^^^^
  File "D:\项目\chemistry-question-classifier-1\backend\venv\Lib\site-packages\kombu\connection.py", line 960, in default_channel
    self._ensure_connection(**conn_opts)
  File "D:\项目\chemistry-question-classifier-1\backend\venv\Lib\site-packages\kombu\connection.py", line 460, in _ensure_connection
    with ctx():
  File "C:\Users\lenovo\AppData\Local\Programs\Python\Python311\Lib\contextlib.py", line 158, in __exit__
    self.gen.throw(typ, value, traceback)
  File "D:\项目\chemistry-question-classifier-1\backend\venv\Lib\site-packages\kombu\connection.py", line 478, in _reraise_as_library_errors
    raise ConnectionError(str(exc)) from exc
kombu.exceptions.OperationalError: [WinError 10061] 由于目标计算机积极拒绝，无法连接。
